<?xml version="1.0" encoding="UTF-8"?>
<!-- Generated by org.testng.reporters.JUnitXMLReporter -->
<testsuite hostname="TGA0045ALKHTABD" name="Command line test" tests="4" failures="0" timestamp="17 Dec 2015 14:16:55 GMT" time="0.09" errors="0">
  <testcase name="testDataProvider1" time="0.005" classname="com.vzt.test.core.BaseDataProviderTest"/>
  <testcase name="testDataProvider1" time="0.001" classname="com.vzt.test.core.BaseDataProviderTest"/>
  <testcase name="testDataProvider2" time="0.0" classname="com.vzt.test.core.BaseDataProviderTest"/>
  <testcase name="testDataProvider2" time="0.0" classname="com.vzt.test.core.BaseDataProviderTest"/>
</testsuite> <!-- Command line test -->
