<?xml version="1.0" encoding="UTF-8"?>
<testng-results skipped="0" failed="0" total="4" passed="4">
  <reporter-output>
  </reporter-output>
  <suite name="Command line suite" duration-ms="90" started-at="2015-12-17T14:16:55Z" finished-at="2015-12-17T14:16:55Z">
    <groups>
    </groups>
    <test name="Command line test" duration-ms="90" started-at="2015-12-17T14:16:55Z" finished-at="2015-12-17T14:16:55Z">
      <class name="com.vzt.test.core.BaseDataProviderTest">
        <test-method status="PASS" signature="initializeConfig(java.lang.String)[pri:0, instance:com.vzt.test.core.BaseDataProviderTest@1ec1f0c]" name="initializeConfig" is-config="true" duration-ms="980" started-at="2015-12-17T09:16:54Z" finished-at="2015-12-17T09:16:55Z">
          <params>
            <param index="0">
              <value>
                <![CDATA[testconfig.properties]]>
              </value>
            </param>
          </params>
          <reporter-output>
          </reporter-output>
        </test-method> <!-- initializeConfig -->
        <test-method status="PASS" signature="initializeTest(org.testng.ITestContext)[pri:0, instance:com.vzt.test.core.BaseDataProviderTest@1ec1f0c]" name="initializeTest" is-config="true" duration-ms="2" started-at="2015-12-17T09:16:55Z" finished-at="2015-12-17T09:16:55Z">
          <params>
            <param index="0">
              <value>
                <![CDATA[org.testng.TestRunner@1392934]]>
              </value>
            </param>
          </params>
          <reporter-output>
          </reporter-output>
        </test-method> <!-- initializeTest -->
        <test-method status="PASS" signature="testDataProvider1(java.lang.String, float, double, java.util.Calendar)[pri:0, instance:com.vzt.test.core.BaseDataProviderTest@1ec1f0c]" name="testDataProvider1" duration-ms="5" started-at="2015-12-17T09:16:55Z" data-provider="default" finished-at="2015-12-17T09:16:55Z">
          <params>
            <param index="0">
              <value>
                <![CDATA[abcd]]>
              </value>
            </param>
            <param index="1">
              <value>
                <![CDATA[1212.01]]>
              </value>
            </param>
            <param index="2">
              <value>
                <![CDATA[100.5]]>
              </value>
            </param>
            <param index="3">
              <value>
                <![CDATA[java.util.GregorianCalendar[time=1447304400000,areFieldsSet=true,areAllFieldsSet=true,lenient=true,zone=sun.util.calendar.ZoneInfo[id="America/New_York",offset=-18000000,dstSavings=3600000,useDaylight=true,transitions=235,lastRule=java.util.SimpleTimeZone[id=America/New_York,offset=-18000000,dstSavings=3600000,useDaylight=true,startYear=0,startMode=3,startMonth=2,startDay=8,startDayOfWeek=1,startTime=7200000,startTimeMode=0,endMode=3,endMonth=10,endDay=1,endDayOfWeek=1,endTime=7200000,endTimeMode=0]],firstDayOfWeek=1,minimalDaysInFirstWeek=1,ERA=1,YEAR=2015,MONTH=10,WEEK_OF_YEAR=46,WEEK_OF_MONTH=2,DAY_OF_MONTH=12,DAY_OF_YEAR=316,DAY_OF_WEEK=5,DAY_OF_WEEK_IN_MONTH=2,AM_PM=0,HOUR=0,HOUR_OF_DAY=0,MINUTE=0,SECOND=0,MILLISECOND=0,ZONE_OFFSET=-18000000,DST_OFFSET=0]]]>
              </value>
            </param>
          </params>
          <reporter-output>
          </reporter-output>
        </test-method> <!-- testDataProvider1 -->
        <test-method status="PASS" signature="initializeTest(org.testng.ITestContext)[pri:0, instance:com.vzt.test.core.BaseDataProviderTest@1ec1f0c]" name="initializeTest" is-config="true" duration-ms="0" started-at="2015-12-17T09:16:55Z" finished-at="2015-12-17T09:16:55Z">
          <params>
            <param index="0">
              <value>
                <![CDATA[org.testng.TestRunner@1392934]]>
              </value>
            </param>
          </params>
          <reporter-output>
          </reporter-output>
        </test-method> <!-- initializeTest -->
        <test-method status="PASS" signature="testDataProvider1(java.lang.String, float, double, java.util.Calendar)[pri:0, instance:com.vzt.test.core.BaseDataProviderTest@1ec1f0c]" name="testDataProvider1" duration-ms="1" started-at="2015-12-17T09:16:55Z" data-provider="default" finished-at="2015-12-17T09:16:55Z">
          <params>
            <param index="0">
              <value>
                <![CDATA[abcd]]>
              </value>
            </param>
            <param index="1">
              <value>
                <![CDATA[1212.01]]>
              </value>
            </param>
            <param index="2">
              <value>
                <![CDATA[100.5]]>
              </value>
            </param>
            <param index="3">
              <value>
                <![CDATA[java.util.GregorianCalendar[time=1447304400000,areFieldsSet=true,areAllFieldsSet=true,lenient=true,zone=sun.util.calendar.ZoneInfo[id="America/New_York",offset=-18000000,dstSavings=3600000,useDaylight=true,transitions=235,lastRule=java.util.SimpleTimeZone[id=America/New_York,offset=-18000000,dstSavings=3600000,useDaylight=true,startYear=0,startMode=3,startMonth=2,startDay=8,startDayOfWeek=1,startTime=7200000,startTimeMode=0,endMode=3,endMonth=10,endDay=1,endDayOfWeek=1,endTime=7200000,endTimeMode=0]],firstDayOfWeek=1,minimalDaysInFirstWeek=1,ERA=1,YEAR=2015,MONTH=10,WEEK_OF_YEAR=46,WEEK_OF_MONTH=2,DAY_OF_MONTH=12,DAY_OF_YEAR=316,DAY_OF_WEEK=5,DAY_OF_WEEK_IN_MONTH=2,AM_PM=0,HOUR=0,HOUR_OF_DAY=0,MINUTE=0,SECOND=0,MILLISECOND=0,ZONE_OFFSET=-18000000,DST_OFFSET=0]]]>
              </value>
            </param>
          </params>
          <reporter-output>
          </reporter-output>
        </test-method> <!-- testDataProvider1 -->
        <test-method status="PASS" signature="initializeTest(org.testng.ITestContext)[pri:0, instance:com.vzt.test.core.BaseDataProviderTest@1ec1f0c]" name="initializeTest" is-config="true" duration-ms="1" started-at="2015-12-17T09:16:55Z" finished-at="2015-12-17T09:16:55Z">
          <params>
            <param index="0">
              <value>
                <![CDATA[org.testng.TestRunner@1392934]]>
              </value>
            </param>
          </params>
          <reporter-output>
          </reporter-output>
        </test-method> <!-- initializeTest -->
        <test-method status="PASS" signature="testDataProvider2(java.lang.String, com.vzt.test.core.TestDataObj1)[pri:0, instance:com.vzt.test.core.BaseDataProviderTest@1ec1f0c]" name="testDataProvider2" duration-ms="0" started-at="2015-12-17T09:16:55Z" data-provider="default" finished-at="2015-12-17T09:16:55Z">
          <params>
            <param index="0">
              <value>
                <![CDATA[abcd]]>
              </value>
            </param>
            <param index="1">
              <value>
                <![CDATA[com.vzt.test.core.TestDataObj1@1c54ad4]]>
              </value>
            </param>
          </params>
          <reporter-output>
          </reporter-output>
        </test-method> <!-- testDataProvider2 -->
        <test-method status="PASS" signature="initializeTest(org.testng.ITestContext)[pri:0, instance:com.vzt.test.core.BaseDataProviderTest@1ec1f0c]" name="initializeTest" is-config="true" duration-ms="0" started-at="2015-12-17T09:16:55Z" finished-at="2015-12-17T09:16:55Z">
          <params>
            <param index="0">
              <value>
                <![CDATA[org.testng.TestRunner@1392934]]>
              </value>
            </param>
          </params>
          <reporter-output>
          </reporter-output>
        </test-method> <!-- initializeTest -->
        <test-method status="PASS" signature="testDataProvider2(java.lang.String, com.vzt.test.core.TestDataObj1)[pri:0, instance:com.vzt.test.core.BaseDataProviderTest@1ec1f0c]" name="testDataProvider2" duration-ms="0" started-at="2015-12-17T09:16:55Z" data-provider="default" finished-at="2015-12-17T09:16:55Z">
          <params>
            <param index="0">
              <value>
                <![CDATA[abcd]]>
              </value>
            </param>
            <param index="1">
              <value>
                <![CDATA[com.vzt.test.core.TestDataObj1@1909a3]]>
              </value>
            </param>
          </params>
          <reporter-output>
          </reporter-output>
        </test-method> <!-- testDataProvider2 -->
      </class> <!-- com.vzt.test.core.BaseDataProviderTest -->
    </test> <!-- Command line test -->
  </suite> <!-- Command line suite -->
</testng-results>
